  Gra(SFML).cpp
A:\Github_cpp\Projekt_Cpp\Gra(SFML)\Gra(SFML)\Evil.h(66,22): warning C4244: "argument": konwersja z "int" do "float", możliwa utrata danych
A:\Github_cpp\Projekt_Cpp\Gra(SFML)\Gra(SFML)\Key.h(30,28): warning C4244: "argument": konwersja z "int" do "float", możliwa utrata danych
A:\Github_cpp\Projekt_Cpp\Gra(SFML)\Gra(SFML)\Key.h(30,25): warning C4244: "argument": konwersja z "int" do "float", możliwa utrata danych
A:\Github_cpp\Projekt_Cpp\Gra(SFML)\Gra(SFML)\Key.h(31,33): warning C4244: "=": konwersja z "const T" do "int", możliwa utrata danych
          with
          [
              T=float
          ]
A:\Github_cpp\Projekt_Cpp\Gra(SFML)\Gra(SFML)\Key.h(32,32): warning C4244: "=": konwersja z "const T" do "int", możliwa utrata danych
          with
          [
              T=float
          ]
A:\Github_cpp\Projekt_Cpp\Gra(SFML)\Gra(SFML)\Key.h(33,38): warning C4244: "=": konwersja z "T" do "int", możliwa utrata danych
          with
          [
              T=float
          ]
A:\Github_cpp\Projekt_Cpp\Gra(SFML)\Gra(SFML)\Key.h(34,36): warning C4244: "=": konwersja z "T" do "int", możliwa utrata danych
          with
          [
              T=float
          ]
A:\Github_cpp\Projekt_Cpp\Gra(SFML)\Gra(SFML)\Door.h(29,29): warning C4244: "argument": konwersja z "int" do "float", możliwa utrata danych
A:\Github_cpp\Projekt_Cpp\Gra(SFML)\Gra(SFML)\Door.h(29,26): warning C4244: "argument": konwersja z "int" do "float", możliwa utrata danych
A:\Github_cpp\Projekt_Cpp\Gra(SFML)\Gra(SFML)\Door_after.h(29,29): warning C4244: "argument": konwersja z "int" do "float", możliwa utrata danych
A:\Github_cpp\Projekt_Cpp\Gra(SFML)\Gra(SFML)\Door_after.h(29,26): warning C4244: "argument": konwersja z "int" do "float", możliwa utrata danych
A:\Github_cpp\Projekt_Cpp\Gra(SFML)\Gra(SFML)\Door_after.h(30,34): warning C4244: "=": konwersja z "const T" do "int", możliwa utrata danych
          with
          [
              T=float
          ]
A:\Github_cpp\Projekt_Cpp\Gra(SFML)\Gra(SFML)\Door_after.h(31,33): warning C4244: "=": konwersja z "const T" do "int", możliwa utrata danych
          with
          [
              T=float
          ]
A:\Github_cpp\Projekt_Cpp\Gra(SFML)\Gra(SFML)\Door_after.h(32,39): warning C4244: "=": konwersja z "T" do "int", możliwa utrata danych
          with
          [
              T=float
          ]
A:\Github_cpp\Projekt_Cpp\Gra(SFML)\Gra(SFML)\Door_after.h(33,38): warning C4244: "=": konwersja z "T" do "int", możliwa utrata danych
          with
          [
              T=float
          ]
A:\Github_cpp\Projekt_Cpp\Gra(SFML)\Gra(SFML)\Gra(SFML).cpp(137,50): warning C4244: "argument": konwersja z "int" do "float", możliwa utrata danych
A:\Github_cpp\Projekt_Cpp\Gra(SFML)\Gra(SFML)\Gra(SFML).cpp(137,42): warning C4244: "argument": konwersja z "int" do "float", możliwa utrata danych
A:\Github_cpp\Projekt_Cpp\Gra(SFML)\Gra(SFML)\Gra(SFML).cpp(145,54): warning C4244: "=": konwersja z "const T" do "int", możliwa utrata danych
          with
          [
              T=float
          ]
A:\Github_cpp\Projekt_Cpp\Gra(SFML)\Gra(SFML)\Gra(SFML).cpp(164,58): warning C4244: "=": konwersja z "const T" do "int", możliwa utrata danych
          with
          [
              T=float
          ]
A:\Github_cpp\Projekt_Cpp\Gra(SFML)\Gra(SFML)\Gra(SFML).cpp(165,58): warning C4244: "=": konwersja z "const T" do "int", możliwa utrata danych
          with
          [
              T=float
          ]
A:\Github_cpp\Projekt_Cpp\Gra(SFML)\Gra(SFML)\Gra(SFML).cpp(172,58): warning C4244: "=": konwersja z "const T" do "int", możliwa utrata danych
          with
          [
              T=float
          ]
A:\Github_cpp\Projekt_Cpp\Gra(SFML)\Gra(SFML)\Gra(SFML).cpp(173,58): warning C4244: "=": konwersja z "const T" do "int", możliwa utrata danych
          with
          [
              T=float
          ]
A:\Github_cpp\Projekt_Cpp\Gra(SFML)\Gra(SFML)\Gra(SFML).cpp(194,54): warning C4244: "=": konwersja z "const T" do "int", możliwa utrata danych
          with
          [
              T=float
          ]
  Gra(SFML).vcxproj -> A:\Github_cpp\Projekt_Cpp\Gra(SFML)\x64\Debug\Gra(SFML).exe
